{
  "RSpec": {
    "coverage": {
      "/Users/Guest/Desktop/event_app/spec/features/act_pages_spec.rb": [
        1,
        null,
        null,
        1,
        1,
        1,
        1,
        1,
        1,
        1,
        1,
        1,
        null,
        null,
        1,
        1,
        1,
        1,
        null,
        null
      ],
      "/Users/Guest/Desktop/event_app/spec/rails_helper.rb": [
        null,
        1,
        1,
        1,
        1,
        1,
        1,
        null,
        1,
        null,
        1,
        1,
        1,
        1,
        null,
        null,
        1,
        1,
        1,
        1,
        null,
        null
      ],
      "/Users/Guest/Desktop/event_app/config/environment.rb": [
        null,
        1,
        null,
        null,
        1
      ],
      "/Users/Guest/Desktop/event_app/config/application.rb": [
        1,
        null,
        1,
        null,
        1,
        1,
        1,
        1,
        1,
        1,
        1,
        null,
        null,
        null,
        null,
        1,
        null,
        1,
        1,
        null,
        null,
        null,
        null,
        null,
        null,
        null,
        null,
        null,
        null,
        null,
        null,
        null,
        1,
        null,
        null
      ],
      "/Users/Guest/Desktop/event_app/config/boot.rb": [
        1,
        null,
        1
      ],
      "/Users/Guest/Desktop/event_app/config/environments/test.rb": [
        1,
        null,
        null,
        null,
        null,
        null,
        null,
        1,
        null,
        null,
        null,
        null,
        1,
        null,
        null,
        1,
        1,
        null,
        null,
        1,
        1,
        null,
        null,
        1,
        null,
        null,
        1,
        null,
        null,
        null,
        null,
        1,
        null,
        null,
        1,
        null,
        null,
        1,
        null,
        null,
        null,
        null
      ],
      "/Users/Guest/Desktop/event_app/config/initializers/assets.rb": [
        null,
        null,
        null,
        1,
        null,
        null,
        null,
        null,
        null,
        null,
        null
      ],
      "/Users/Guest/Desktop/event_app/config/initializers/backtrace_silencers.rb": [
        null,
        null,
        null,
        null,
        null,
        null,
        null
      ],
      "/Users/Guest/Desktop/event_app/config/initializers/cookies_serializer.rb": [
        null,
        null,
        1
      ],
      "/Users/Guest/Desktop/event_app/config/initializers/filter_parameter_logging.rb": [
        null,
        null,
        null,
        1
      ],
      "/Users/Guest/Desktop/event_app/config/initializers/inflections.rb": [
        null,
        null,
        null,
        null,
        null,
        null,
        null,
        null,
        null,
        null,
        null,
        null,
        null,
        null,
        null,
        null
      ],
      "/Users/Guest/Desktop/event_app/config/initializers/mime_types.rb": [
        null,
        null,
        null,
        null
      ],
      "/Users/Guest/Desktop/event_app/config/initializers/session_store.rb": [
        null,
        null,
        1
      ],
      "/Users/Guest/Desktop/event_app/config/initializers/wrap_parameters.rb": [
        null,
        null,
        null,
        null,
        null,
        null,
        1,
        1,
        null,
        null,
        null,
        null,
        null,
        null
      ],
      "/Users/Guest/Desktop/event_app/spec/factories.rb": [
        1,
        1,
        1,
        1,
        1,
        null,
        null,
        1,
        1,
        1,
        1,
        1,
        1,
        null,
        null,
        null
      ],
      "/Users/Guest/Desktop/event_app/config/routes.rb": [
        1,
        1,
        null,
        1,
        null,
        1,
        null
      ],
      "/Users/Guest/Desktop/event_app/app/helpers/application_helper.rb": [
        1,
        null
      ],
      "/Users/Guest/Desktop/event_app/spec/features/venue_pages_spec.rb": [
        1,
        null,
        null,
        1,
        1,
        1,
        1,
        1,
        1,
        1,
        1,
        1,
        null,
        null,
        1,
        1,
        1,
        1,
        null,
        null
      ],
      "/Users/Guest/Desktop/event_app/spec/models/act_spec.rb": [
        1,
        null,
        1,
        2,
        2,
        2,
        2,
        2,
        2,
        null
      ],
      "/Users/Guest/Desktop/event_app/app/models/act.rb": [
        1,
        1,
        1,
        1,
        1,
        1,
        1,
        1,
        null
      ],
      "/Users/Guest/Desktop/event_app/spec/models/event_spec.rb": [
        1,
        null,
        1,
        2,
        2,
        2,
        2,
        null
      ],
      "/Users/Guest/Desktop/event_app/app/models/event.rb": [
        1,
        1,
        1,
        1,
        1,
        null
      ],
      "/Users/Guest/Desktop/event_app/spec/models/song_spec.rb": [
        1,
        null,
        1,
        2,
        2,
        null,
        null,
        null,
        null,
        null,
        null,
        null
      ],
      "/Users/Guest/Desktop/event_app/app/models/song.rb": [
        1,
        1,
        1,
        1,
        null,
        1,
        null,
        1,
        0,
        0,
        null,
        0,
        null,
        null
      ],
      "/Users/Guest/Desktop/event_app/spec/models/venue_spec.rb": [
        1,
        null,
        1,
        2,
        2,
        2,
        2,
        null
      ],
      "/Users/Guest/Desktop/event_app/app/models/venue.rb": [
        1,
        1,
        1,
        1,
        1,
        null
      ],
      "/Users/Guest/Desktop/event_app/spec/song_spec.rb": [

      ],
      "/Users/Guest/Desktop/event_app/app/controllers/home_controller.rb": [
        1,
        1,
        3,
        3,
        null,
        null
      ],
      "/Users/Guest/Desktop/event_app/app/controllers/application_controller.rb": [
        1,
        null,
        null,
        1,
        null
      ],
      "/Users/Guest/Desktop/event_app/app/controllers/acts_controller.rb": [
        1,
        1,
        2,
        null,
        null,
        1,
        0,
        null,
        null,
        1,
        1,
        null,
        null,
        1,
        2,
        2,
        1,
        2,
        1,
        null,
        null,
        1,
        null,
        null,
        null,
        null,
        null,
        1,
        1,
        2,
        null,
        null,
        null
      ],
      "/Users/Guest/Desktop/event_app/app/controllers/venues_controller.rb": [
        1,
        1,
        1,
        null,
        null,
        1,
        2,
        null,
        null,
        1,
        0,
        null,
        null,
        1,
        2,
        2,
        1,
        2,
        1,
        null,
        null,
        1,
        null,
        null,
        null,
        1,
        1,
        2,
        null,
        null,
        null,
        null
      ]
    },
    "timestamp": 1446583965
  }
}
